
> storybook01@0.0.0 build-storybook
> storybook build --output-dir C:\Users\ziviv\AppData\Local\Temp\chromatic--19272-PIQZuxXsqYCA

@storybook/cli v7.6.17

info => Cleaning outputDir: C:\Users\ziviv\AppData\Local\Temp\chromatic--19272-PIQZuxXsqYCA
info => Loading presets
info => Building manager..
info => Manager built (850 ms)
info => Building preview..
info => Copying static files: C:\Users\ziviv\Documents\GitHub\EndlessFrontend\storybook01\node_modules\@storybook\manager\static at C:\Users\ziviv\AppData\Local\Temp\chromatic--19272-PIQZuxXsqYCA\sb-common-assets
[36mvite v5.1.4 [32mbuilding for production...[36m[39m
transforming...
[32m✓[39m 603 modules transformed.
rendering chunks...
computing gzip size...
[2m../../../../AppData/Local/Temp/chromatic--19272-PIQZuxXsqYCA/[22m[32massets/open-sans-greek-ext-wght-normal-Cs5KUPhG.woff2     [39m[1m[2m  4.52 kB[22m[1m[22m
[2m../../../../AppData/Local/Temp/chromatic--19272-PIQZuxXsqYCA/[22m[32massets/context-C0qIqeS4.png                               [39m[1m[2m  6.12 kB[22m[1m[22m
[2m../../../../AppData/Local/Temp/chromatic--19272-PIQZuxXsqYCA/[22m[32massets/styling-Bk6zjRzU.png                               [39m[1m[2m  7.24 kB[22m[1m[22m
[2m../../../../AppData/Local/Temp/chromatic--19272-PIQZuxXsqYCA/[22m[32miframe.html                                               [39m[1m[2m 12.79 kB[22m[1m[22m[2m │ gzip:   3.59 kB[22m
[2m../../../../AppData/Local/Temp/chromatic--19272-PIQZuxXsqYCA/[22m[32massets/open-sans-hebrew-wght-normal-DrVQLkKb.woff2        [39m[1m[2m 16.52 kB[22m[1m[22m
[2m../../../../AppData/Local/Temp/chromatic--19272-PIQZuxXsqYCA/[22m[32massets/open-sans-vietnamese-wght-normal-0eckKRMD.woff2    [39m[1m[2m 16.55 kB[22m[1m[22m
[2m../../../../AppData/Local/Temp/chromatic--19272-PIQZuxXsqYCA/[22m[32massets/open-sans-greek-wght-normal-CtQ6sbau.woff2         [39m[1m[2m 21.27 kB[22m[1m[22m
[2m../../../../AppData/Local/Temp/chromatic--19272-PIQZuxXsqYCA/[22m[32massets/open-sans-symbols-wght-normal-C2QAFfGS.woff2       [39m[1m[2m 24.98 kB[22m[1m[22m
[2m../../../../AppData/Local/Temp/chromatic--19272-PIQZuxXsqYCA/[22m[32massets/open-sans-cyrillic-wght-normal-Cw00GhOR.woff2      [39m[1m[2m 26.74 kB[22m[1m[22m
[2m../../../../AppData/Local/Temp/chromatic--19272-PIQZuxXsqYCA/[22m[32massets/docs---vsFbMi.png                                  [39m[1m[2m 27.88 kB[22m[1m[22m
[2m../../../../AppData/Local/Temp/chromatic--19272-PIQZuxXsqYCA/[22m[32massets/open-sans-latin-ext-wght-normal-CrpOxvfM.woff2     [39m[1m[2m 35.33 kB[22m[1m[22m
[2m../../../../AppData/Local/Temp/chromatic--19272-PIQZuxXsqYCA/[22m[32massets/share-DGA-UcQf.png                                 [39m[1m[2m 40.77 kB[22m[1m[22m
[2m../../../../AppData/Local/Temp/chromatic--19272-PIQZuxXsqYCA/[22m[32massets/accessibility-W_h2acOZ.png                         [39m[1m[2m 42.34 kB[22m[1m[22m
[2m../../../../AppData/Local/Temp/chromatic--19272-PIQZuxXsqYCA/[22m[32massets/figma-plugin-CH2hELiO.png                          [39m[1m[2m 44.25 kB[22m[1m[22m
[2m../../../../AppData/Local/Temp/chromatic--19272-PIQZuxXsqYCA/[22m[32massets/theming-D6WJLNoW.png                               [39m[1m[2m 44.37 kB[22m[1m[22m
[2m../../../../AppData/Local/Temp/chromatic--19272-PIQZuxXsqYCA/[22m[32massets/open-sans-math-wght-normal-cwLdES2L.woff2          [39m[1m[2m 47.14 kB[22m[1m[22m
[2m../../../../AppData/Local/Temp/chromatic--19272-PIQZuxXsqYCA/[22m[32massets/open-sans-latin-wght-normal-CYuRH5ug.woff2         [39m[1m[2m 48.24 kB[22m[1m[22m
[2m../../../../AppData/Local/Temp/chromatic--19272-PIQZuxXsqYCA/[22m[32massets/testing-cbzR9l9r.png                               [39m[1m[2m 49.31 kB[22m[1m[22m
[2m../../../../AppData/Local/Temp/chromatic--19272-PIQZuxXsqYCA/[22m[32massets/open-sans-cyrillic-ext-wght-normal-f7eF65bT.woff2  [39m[1m[2m 49.44 kB[22m[1m[22m
[2m../../../../AppData/Local/Temp/chromatic--19272-PIQZuxXsqYCA/[22m[32massets/addon-library-BWUCAmyN.png                         [39m[1m[2m467.37 kB[22m[1m[22m
[2m../../../../AppData/Local/Temp/chromatic--19272-PIQZuxXsqYCA/[22m[35massets/Header-BjLH3naM.css                                [39m[1m[2m  0.51 kB[22m[1m[22m[2m │ gzip:   0.31 kB[22m
[2m../../../../AppData/Local/Temp/chromatic--19272-PIQZuxXsqYCA/[22m[35massets/Button-BfyGbg8N.css                                [39m[1m[2m  0.52 kB[22m[1m[22m[2m │ gzip:   0.29 kB[22m
[2m../../../../AppData/Local/Temp/chromatic--19272-PIQZuxXsqYCA/[22m[35massets/Page-B9ntr4df.css                                  [39m[1m[2m  0.93 kB[22m[1m[22m[2m │ gzip:   0.39 kB[22m
[2m../../../../AppData/Local/Temp/chromatic--19272-PIQZuxXsqYCA/[22m[35massets/preview-D9Wn7QHE.css                               [39m[1m[2m  8.97 kB[22m[1m[22m[2m │ gzip:   2.48 kB[22m
[2m../../../../AppData/Local/Temp/chromatic--19272-PIQZuxXsqYCA/[22m[36massets/preview-DHEoCKVb.js                                [39m[1m[2m  0.15 kB[22m[1m[22m[2m │ gzip:   0.15 kB[22m
[2m../../../../AppData/Local/Temp/chromatic--19272-PIQZuxXsqYCA/[22m[36massets/_commonjsHelpers-Cpj98o6Y.js                       [39m[1m[2m  0.24 kB[22m[1m[22m[2m │ gzip:   0.18 kB[22m
[2m../../../../AppData/Local/Temp/chromatic--19272-PIQZuxXsqYCA/[22m[36massets/WithTooltip-V3YHNWJZ-XALOa2Fe.js                   [39m[1m[2m  0.36 kB[22m[1m[22m[2m │ gzip:   0.22 kB[22m
[2m../../../../AppData/Local/Temp/chromatic--19272-PIQZuxXsqYCA/[22m[36massets/syntaxhighlighter-B5GMVT5T-H1Y4s0Tw.js             [39m[1m[2m  0.38 kB[22m[1m[22m[2m │ gzip:   0.24 kB[22m
[2m../../../../AppData/Local/Temp/chromatic--19272-PIQZuxXsqYCA/[22m[36massets/react-18-iZ4baTDS.js                               [39m[1m[2m  0.55 kB[22m[1m[22m[2m │ gzip:   0.34 kB[22m
[2m../../../../AppData/Local/Temp/chromatic--19272-PIQZuxXsqYCA/[22m[36massets/index-mlbUBBkt.js                                  [39m[1m[2m  0.58 kB[22m[1m[22m[2m │ gzip:   0.35 kB[22m
[2m../../../../AppData/Local/Temp/chromatic--19272-PIQZuxXsqYCA/[22m[36massets/preview-B_0crF9I.js                                [39m[1m[2m  0.64 kB[22m[1m[22m[2m │ gzip:   0.44 kB[22m
[2m../../../../AppData/Local/Temp/chromatic--19272-PIQZuxXsqYCA/[22m[36massets/ErrorMessage.stories-ByM9ckSj.js                   [39m[1m[2m  0.65 kB[22m[1m[22m[2m │ gzip:   0.46 kB[22m
[2m../../../../AppData/Local/Temp/chromatic--19272-PIQZuxXsqYCA/[22m[36massets/preview-BQx14AJk.js                                [39m[1m[2m  0.71 kB[22m[1m[22m[2m │ gzip:   0.41 kB[22m
[2m../../../../AppData/Local/Temp/chromatic--19272-PIQZuxXsqYCA/[22m[36massets/Label.stories-C_i5CpMV.js                          [39m[1m[2m  0.73 kB[22m[1m[22m[2m │ gzip:   0.47 kB[22m
[2m../../../../AppData/Local/Temp/chromatic--19272-PIQZuxXsqYCA/[22m[36massets/TagButtonList.stories-CTdF6yM2.js                  [39m[1m[2m  0.76 kB[22m[1m[22m[2m │ gzip:   0.50 kB[22m
[2m../../../../AppData/Local/Temp/chromatic--19272-PIQZuxXsqYCA/[22m[36massets/index-DrFu-skq.js                                  [39m[1m[2m  0.77 kB[22m[1m[22m[2m │ gzip:   0.47 kB[22m
[2m../../../../AppData/Local/Temp/chromatic--19272-PIQZuxXsqYCA/[22m[36massets/TagButton.stories-Dg8RMB2D.js                      [39m[1m[2m  0.82 kB[22m[1m[22m[2m │ gzip:   0.54 kB[22m
[2m../../../../AppData/Local/Temp/chromatic--19272-PIQZuxXsqYCA/[22m[36massets/Header.stories-Cgrje55e.js                         [39m[1m[2m  0.84 kB[22m[1m[22m[2m │ gzip:   0.45 kB[22m
[2m../../../../AppData/Local/Temp/chromatic--19272-PIQZuxXsqYCA/[22m[36massets/preview-Cv3rAi2i.js                                [39m[1m[2m  0.86 kB[22m[1m[22m[2m │ gzip:   0.55 kB[22m
[2m../../../../AppData/Local/Temp/chromatic--19272-PIQZuxXsqYCA/[22m[36massets/jsx-runtime-DQ32znRX.js                            [39m[1m[2m  0.92 kB[22m[1m[22m[2m │ gzip:   0.58 kB[22m
[2m../../../../AppData/Local/Temp/chromatic--19272-PIQZuxXsqYCA/[22m[36massets/Button-Ua2N-WwQ.js                                 [39m[1m[2m  1.00 kB[22m[1m[22m[2m │ gzip:   0.46 kB[22m
[2m../../../../AppData/Local/Temp/chromatic--19272-PIQZuxXsqYCA/[22m[36massets/IconButton.stories-C8eq_YZN.js                     [39m[1m[2m  1.15 kB[22m[1m[22m[2m │ gzip:   0.77 kB[22m
[2m../../../../AppData/Local/Temp/chromatic--19272-PIQZuxXsqYCA/[22m[36massets/entry-preview-8pnywnDf.js                          [39m[1m[2m  1.15 kB[22m[1m[22m[2m │ gzip:   0.67 kB[22m
[2m../../../../AppData/Local/Temp/chromatic--19272-PIQZuxXsqYCA/[22m[36massets/NavigationBar.stories-B3hA_Ujh.js                  [39m[1m[2m  1.35 kB[22m[1m[22m[2m │ gzip:   0.73 kB[22m
[2m../../../../AppData/Local/Temp/chromatic--19272-PIQZuxXsqYCA/[22m[36massets/DocsRenderer-NNNQARDV-BA3ZhUHu.js                  [39m[1m[2m  1.43 kB[22m[1m[22m[2m │ gzip:   0.74 kB[22m
[2m../../../../AppData/Local/Temp/chromatic--19272-PIQZuxXsqYCA/[22m[36massets/DefaultTextField.stories-24cvr5lp.js               [39m[1m[2m  1.52 kB[22m[1m[22m[2m │ gzip:   0.81 kB[22m
[2m../../../../AppData/Local/Temp/chromatic--19272-PIQZuxXsqYCA/[22m[36massets/Button.stories-BIye5qLE.js                         [39m[1m[2m  1.57 kB[22m[1m[22m[2m │ gzip:   0.64 kB[22m
[2m../../../../AppData/Local/Temp/chromatic--19272-PIQZuxXsqYCA/[22m[36massets/Header-DKjzNS68.js                                 [39m[1m[2m  1.60 kB[22m[1m[22m[2m │ gzip:   0.72 kB[22m
[2m../../../../AppData/Local/Temp/chromatic--19272-PIQZuxXsqYCA/[22m[36massets/PrimaryButton.stories-D3uHK8zL.js                  [39m[1m[2m  2.40 kB[22m[1m[22m[2m │ gzip:   0.89 kB[22m
[2m../../../../AppData/Local/Temp/chromatic--19272-PIQZuxXsqYCA/[22m[36massets/index-Bw8VTzHM.js                                  [39m[1m[2m  2.59 kB[22m[1m[22m[2m │ gzip:   1.26 kB[22m
[2m../../../../AppData/Local/Temp/chromatic--19272-PIQZuxXsqYCA/[22m[36massets/preview-BcxrGG1y.js                                [39m[1m[2m  3.19 kB[22m[1m[22m[2m │ gzip:   1.37 kB[22m
[2m../../../../AppData/Local/Temp/chromatic--19272-PIQZuxXsqYCA/[22m[36massets/preview-D8VCGkL0.js                                [39m[1m[2m  5.23 kB[22m[1m[22m[2m │ gzip:   2.39 kB[22m
[2m../../../../AppData/Local/Temp/chromatic--19272-PIQZuxXsqYCA/[22m[36massets/iframe-DgTaTD7_.js                                 [39m[1m[2m  6.29 kB[22m[1m[22m[2m │ gzip:   2.12 kB[22m
[2m../../../../AppData/Local/Temp/chromatic--19272-PIQZuxXsqYCA/[22m[36massets/TagButtonList-DoY7hMDQ.js                          [39m[1m[2m  6.31 kB[22m[1m[22m[2m │ gzip:   1.64 kB[22m
[2m../../../../AppData/Local/Temp/chromatic--19272-PIQZuxXsqYCA/[22m[36massets/index-DH5ua8nC.js                                  [39m[1m[2m  7.16 kB[22m[1m[22m[2m │ gzip:   2.91 kB[22m
[2m../../../../AppData/Local/Temp/chromatic--19272-PIQZuxXsqYCA/[22m[36massets/preview-BAz7FMXc.js                                [39m[1m[2m  7.62 kB[22m[1m[22m[2m │ gzip:   1.56 kB[22m
[2m../../../../AppData/Local/Temp/chromatic--19272-PIQZuxXsqYCA/[22m[36massets/preview-Db4Idchh.js                                [39m[1m[2m  8.11 kB[22m[1m[22m[2m │ gzip:   3.08 kB[22m
[2m../../../../AppData/Local/Temp/chromatic--19272-PIQZuxXsqYCA/[22m[36massets/Configure-CB1XUt9t.js                              [39m[1m[2m 25.90 kB[22m[1m[22m[2m │ gzip:  11.00 kB[22m
[2m../../../../AppData/Local/Temp/chromatic--19272-PIQZuxXsqYCA/[22m[36massets/Color-6VNJS4EI-vCWT9Fhj.js                         [39m[1m[2m 30.98 kB[22m[1m[22m[2m │ gzip:  11.61 kB[22m
[2m../../../../AppData/Local/Temp/chromatic--19272-PIQZuxXsqYCA/[22m[36massets/preview-BCp7Wgbt.js                                [39m[1m[2m 72.16 kB[22m[1m[22m[2m │ gzip:  24.38 kB[22m
[2m../../../../AppData/Local/Temp/chromatic--19272-PIQZuxXsqYCA/[22m[36massets/index-UvUotFBn.js                                  [39m[1m[2m 78.40 kB[22m[1m[22m[2m │ gzip:  23.41 kB[22m
[2m../../../../AppData/Local/Temp/chromatic--19272-PIQZuxXsqYCA/[22m[36massets/index-D9uilScg.js                                  [39m[1m[2m134.05 kB[22m[1m[22m[2m │ gzip:  43.20 kB[22m
[2m../../../../AppData/Local/Temp/chromatic--19272-PIQZuxXsqYCA/[22m[36massets/entry-preview-docs-DHP_2J3h.js                     [39m[1m[2m322.56 kB[22m[1m[22m[2m │ gzip:  99.08 kB[22m
[2m../../../../AppData/Local/Temp/chromatic--19272-PIQZuxXsqYCA/[22m[36massets/index-B-PC9HT0.js                                  [39m[1m[33m538.93 kB[39m[22m[2m │ gzip: 175.49 kB[22m
[2m../../../../AppData/Local/Temp/chromatic--19272-PIQZuxXsqYCA/[22m[36massets/Page.stories-Cxz6g8Jn.js                           [39m[1m[33m564.19 kB[39m[22m[2m │ gzip: 149.33 kB[22m
[2m../../../../AppData/Local/Temp/chromatic--19272-PIQZuxXsqYCA/[22m[36massets/formatter-SWP5E3XI-DglttXVZ.js                     [39m[1m[33m601.55 kB[39m[22m[2m │ gzip: 184.98 kB[22m
[32m✓ built in 9.68s[39m
info => Preview built (22 s)
info => Output directory: C:\Users\ziviv\AppData\Local\Temp\chromatic--19272-PIQZuxXsqYCA
